---------------------------------------------------
M.U.G.E.N ver 1.1.0 Beta 1 P1 (2013.08.11) status log
---------------------------------------------------
Parsing command line...
Command line: C:\Users\ermaccer\Desktop\mugen-1.1b1\mugen-1.1b1\mugen.exe
Parse command line OK
Initializing...
Allocating game variables
Reading configuration file...
Error detected.

Can't open config file data/mugen.cfg.
Error reading data/mugen.cfg

Clipboard tail:
---------------------------------------------------
M.U.G.E.N ver 1.1.0 Beta 1 P1 (2013.08.11) status log
---------------------------------------------------
Parsing command line...
Command line: C:\Users\ermaccer\Desktop\mugen-1.1b1\mugen-1.1b1\mugen.exe
Parse command line OK
Initializing...
Allocating game variables
Reading configuration file...Exit with an error.

Log file successfully closed.
